Determining if the pthread_create exist failed with the following output:
Change Dir: /home/rsdlab/catkin_ws/build/CMakeFiles/CMakeTmp

Run Build Command:"/usr/bin/make" "cmTC_f6445/fast"
/usr/bin/make -f CMakeFiles/cmTC_f6445.dir/build.make CMakeFiles/cmTC_f6445.dir/build
make[1]: ディレクトリ '/home/rsdlab/catkin_ws/build/CMakeFiles/CMakeTmp' に入ります
Building C object CMakeFiles/cmTC_f6445.dir/CheckSymbolExists.c.o
/usr/bin/cc     -o CMakeFiles/cmTC_f6445.dir/CheckSymbolExists.c.o   -c /home/rsdlab/catkin_ws/build/CMakeFiles/CMakeTmp/CheckSymbolExists.c
Linking C executable cmTC_f6445
/usr/bin/cmake -E cmake_link_script CMakeFiles/cmTC_f6445.dir/link.txt --verbose=1
/usr/bin/cc       CMakeFiles/cmTC_f6445.dir/CheckSymbolExists.c.o  -o cmTC_f6445 -rdynamic 
CMakeFiles/cmTC_f6445.dir/CheckSymbolExists.c.o: 関数 `main' 内:
CheckSymbolExists.c:(.text+0x16): `pthread_create' に対する定義されていない参照です
collect2: error: ld returned 1 exit status
CMakeFiles/cmTC_f6445.dir/build.make:97: ターゲット 'cmTC_f6445' のレシピで失敗しました
make[1]: *** [cmTC_f6445] エラー 1
make[1]: ディレクトリ '/home/rsdlab/catkin_ws/build/CMakeFiles/CMakeTmp' から出ます
Makefile:126: ターゲット 'cmTC_f6445/fast' のレシピで失敗しました
make: *** [cmTC_f6445/fast] エラー 2

File /home/rsdlab/catkin_ws/build/CMakeFiles/CMakeTmp/CheckSymbolExists.c:
/* */
#include <pthread.h>

int main(int argc, char** argv)
{
  (void)argv;
#ifndef pthread_create
  return ((int*)(&pthread_create))[argc];
#else
  (void)argc;
  return 0;
#endif
}

Determining if the function pthread_create exists in the pthreads failed with the following output:
Change Dir: /home/rsdlab/catkin_ws/build/CMakeFiles/CMakeTmp

Run Build Command:"/usr/bin/make" "cmTC_98726/fast"
/usr/bin/make -f CMakeFiles/cmTC_98726.dir/build.make CMakeFiles/cmTC_98726.dir/build
make[1]: ディレクトリ '/home/rsdlab/catkin_ws/build/CMakeFiles/CMakeTmp' に入ります
Building C object CMakeFiles/cmTC_98726.dir/CheckFunctionExists.c.o
/usr/bin/cc    -DCHECK_FUNCTION_EXISTS=pthread_create   -o CMakeFiles/cmTC_98726.dir/CheckFunctionExists.c.o   -c /usr/share/cmake-3.5/Modules/CheckFunctionExists.c
Linking C executable cmTC_98726
/usr/bin/cmake -E cmake_link_script CMakeFiles/cmTC_98726.dir/link.txt --verbose=1
/usr/bin/cc   -DCHECK_FUNCTION_EXISTS=pthread_create    CMakeFiles/cmTC_98726.dir/CheckFunctionExists.c.o  -o cmTC_98726 -rdynamic -lpthreads 
/usr/bin/ld: -lpthreads が見つかりません
collect2: error: ld returned 1 exit status
CMakeFiles/cmTC_98726.dir/build.make:97: ターゲット 'cmTC_98726' のレシピで失敗しました
make[1]: *** [cmTC_98726] エラー 1
make[1]: ディレクトリ '/home/rsdlab/catkin_ws/build/CMakeFiles/CMakeTmp' から出ます
Makefile:126: ターゲット 'cmTC_98726/fast' のレシピで失敗しました
make: *** [cmTC_98726/fast] エラー 2


